[2018-04-12T19:53:45.826] [ERROR] logInfo - [1523534025826]
***************INFO START***************
[server: models/index]Connect mongodb is successful
***************INFO END***************

[2018-04-12T20:28:07.449] [ERROR] logInfo - [1523536087448]
***************INFO START***************
[server: models/index]Connect mongodb is successful
***************INFO END***************

[2018-04-12T20:33:01.088] [ERROR] logInfo - [1523536381087]
***************INFO START***************
[server: models/index]Connect mongodb is successful
***************INFO END***************

[2018-04-12T20:35:01.440] [ERROR] logInfo - [1523536501439]
***************INFO START***************
[server: models/index]Connect mongodb is successful
***************INFO END***************

[2018-04-12T20:51:30.839] [ERROR] logInfo - [1523537490839]
***************INFO START***************
[server: models/index]Connect mongodb is successful
***************INFO END***************

[2018-04-12T20:55:54.773] [ERROR] logInfo - [1523537754772]
***************INFO START***************
[server: models/index]Connect mongodb is successful
***************INFO END***************

[2018-04-12T20:59:54.341] [ERROR] logInfo - [1523537994340]
***************INFO START***************
[server: models/index]Connect mongodb is successful
***************INFO END***************

[2018-04-12T21:02:39.536] [ERROR] logInfo - [1523538159535]
***************INFO START***************
[server: models/index]Connect mongodb is successful
***************INFO END***************

[2018-04-12T21:03:55.088] [ERROR] logInfo - [1523538235087]
***************INFO START***************
[server: models/index]Connect mongodb is successful
***************INFO END***************

[2018-04-12T21:12:03.801] [ERROR] logInfo - [1523538723800]
***************INFO START***************
[server: models/index]Connect mongodb is successful
***************INFO END***************

[2018-04-12T21:19:23.139] [ERROR] logInfo - [1523539163138]
***************INFO START***************
[server: models/index]Connect mongodb is successful
***************INFO END***************

[2018-04-12T21:20:37.006] [ERROR] logInfo - [1523539237005]
***************INFO START***************
[server: models/index]Connect mongodb is successful
***************INFO END***************

[2018-04-12T21:20:46.271] [ERROR] logInfo - [1523539246270]
***************INFO START***************
[server: models/index]Connect mongodb is successful
***************INFO END***************

[2018-04-12T21:22:07.124] [ERROR] logInfo - [1523539327123]
***************INFO START***************
[server: models/index]Connect mongodb is successful
***************INFO END***************

[2018-04-12T21:26:03.361] [ERROR] logInfo - [1523539563360]
***************INFO START***************
[server: models/index]Connect mongodb is successful
***************INFO END***************

[2018-04-12T21:28:36.214] [ERROR] logInfo - [1523539716214]
***************INFO START***************
[server: models/index]Connect mongodb is successful
***************INFO END***************

[2018-04-12T21:29:53.391] [ERROR] logInfo - [1523539793391]
***************INFO START***************
[server: models/index]Connect mongodb is successful
***************INFO END***************

[2018-04-12T21:31:38.316] [ERROR] logInfo - [1523539898315]
***************INFO START***************
[server: models/index]Connect mongodb is successful
***************INFO END***************

[2018-04-12T21:31:51.629] [ERROR] logInfo - [1523539911629]
***************INFO START***************
[server: models/index]Connect mongodb is successful
***************INFO END***************

[2018-04-12T21:33:29.619] [ERROR] logInfo - [1523540009619]
***************INFO START***************
[server: models/index]Connect mongodb is successful
***************INFO END***************

[2018-04-12T21:37:37.167] [ERROR] logInfo - [1523540257166]
***************INFO START***************
[server: models/index]Connect mongodb is successful
***************INFO END***************

[2018-04-12T21:42:38.244] [ERROR] logInfo - [1523540558244]
***************ERROR START***************
[server: managers/book/queryRecommendBooks]请求发生错误：<!DOCTYPE html>
<html lang="en">
<head>
<meta charset="utf-8">
<title>Error</title>
</head>
<body>
<pre>Error: No default engine was specified and no extension was provided.<br> &nbsp; &nbsp;at new View (d:\bookfriends\book-friends-proxy\node_modules\express\lib\view.js:61:11)<br> &nbsp; &nbsp;at Function.render (d:\bookfriends\book-friends-proxy\node_modules\express\lib\application.js:570:12)<br> &nbsp; &nbsp;at ServerResponse.render (d:\bookfriends\book-friends-proxy\node_modules\express\lib\response.js:971:7)<br> &nbsp; &nbsp;at d:\bookfriends\book-friends-proxy\app.js:33:7<br> &nbsp; &nbsp;at Layer.handle_error (d:\bookfriends\book-friends-proxy\node_modules\express\lib\router\layer.js:71:5)<br> &nbsp; &nbsp;at trim_prefix (d:\bookfriends\book-friends-proxy\node_modules\express\lib\router\index.js:315:13)<br> &nbsp; &nbsp;at d:\bookfriends\book-friends-proxy\node_modules\express\lib\router\index.js:284:7<br> &nbsp; &nbsp;at Function.process_params (d:\bookfriends\book-friends-proxy\node_modules\express\lib\router\index.js:335:12)<br> &nbsp; &nbsp;at next (d:\bookfriends\book-friends-proxy\node_modules\express\lib\router\index.js:275:10)<br> &nbsp; &nbsp;at d:\bookfriends\book-friends-proxy\app.js:22:3</pre>
</body>
</html>

***************ERROR END***************

[2018-04-12T21:42:38.244] [ERROR] logInfo - [1523540558244]
***************ERROR START***************
[server: managers/book/queryRecommendBooks]Fails to get recommend books, the userId: 16f7daf03e5311e8b766b7db86e0c23b
***************ERROR END***************

[2018-04-12T21:44:05.492] [ERROR] logInfo - [1523540645491]
***************INFO START***************
[server: models/index]Connect mongodb is successful
***************INFO END***************

[2018-04-12T21:44:29.544] [ERROR] logInfo - [1523540669543]
***************INFO START***************
[server: models/index]Connect mongodb is successful
***************INFO END***************

